1559151143 - RETARGET get_target height 56448 - last_block 56447 - block 56448/time 1556393688
1559151143 - Block_from_2016_ago - block 54432/time 1555363933
1559151143 - elapsed_time_from_2016_ago 1029748 s 11.91837962962963 days
1559151143 - start_index 56447
1559151143 - start_index2 56445, target 0000000000bf8658f419be2440bf6e360fc02916154643321bca0c544a046b5c
1559151143 -                 new_target 0000000000a30c29f53ccae80000000000000000000000000000000000000000
1559151157 - RETARGET get_target height 58464 - last_block 58463 - block 58464/time 1557207852
1559151157 - Block_from_2016_ago - block 56448/time 1556393688
1559151157 - elapsed_time_from_2016_ago 814018 s 9.421504629629629 days
1559151157 - start_index 58463
1559151157 - start_index2 58463, target 0000000000a30c29f53ccae6e65af650e81aaa43b382ed64454ff79db59d71fa
1559151157 -                 new_target 00000000006db9a744542ecc0000000000000000000000000000000000000000
1559151171 - RETARGET get_target height 60480 - last_block 60479 - block 60480/time 1558364001
1559151171 - Block_from_2016_ago - block 58464/time 1557207852
1559151171 - elapsed_time_from_2016_ago 1156109 s 13.380891203703703 days
1559151171 - start_index 60479
1559151171 - start_index2 60479, target 0000000009c1bee1db751e000000000000000000000000000000000000000000
1559151171 -                 new_target 0000000009534a49850e95800000000000000000000000000000000000000000
1559151182 - RETARGET get_target height 62496 - last_block 62495 - block 62496/time 1558433499
1559151182 - Block_from_2016_ago - block 60480/time 1558364001
1559151182 - elapsed_time_from_2016_ago 69400 s 0.8032407407407407 days
1559151182 - lt half week
1559151182 - start_index 62495
1559151182 - start_index2 62495, target 0000000009534a49850e95800000000000000000000000000000000000000000
1559151182 -                 new_target 000000000254d2926143a5600000000000000000000000000000000000000000
1559151195 - RETARGET get_target height 64512 - last_block 64511 - block 64512/time 1558493728
1559151195 - Block_from_2016_ago - block 62496/time 1558433499
1559151195 - elapsed_time_from_2016_ago 60223 s 0.697025462962963 days
1559151195 - lt half week
1559151195 - start_index 64511
1559151195 - start_index2 64511, target 000000002c59bd6af15210000000000000000000000000000000000000000000
1559151195 -                 new_target 000000000b166f5abc5484000000000000000000000000000000000000000000
1559151208 - RETARGET get_target height 66528 - last_block 66527 - block 66528/time 1558566430
1559151208 - Block_from_2016_ago - block 64512/time 1558493728
1559151208 - elapsed_time_from_2016_ago 72036 s 0.83375 days
1559151208 - lt half week
1559151208 - start_index 66527
1559151208 - start_index2 66527, target 000000000b166f5abc5484000000000000000000000000000000000000000000
1559151208 -                 new_target 0000000002c59bd6af1521000000000000000000000000000000000000000000
1559151219 - RETARGET get_target height 68544 - last_block 68543 - block 68544/time 1558657840
1559151219 - Block_from_2016_ago - block 66528/time 1558566430
1559151219 - elapsed_time_from_2016_ago 91359 s 1.0573958333333333 days
1559151219 - lt half week
1559151219 - start_index 68543
1559151219 - start_index2 68543, target 000000002f3429f1e870b0000000000000000000000000000000000000000000
1559151219 -                 new_target 000000000bcd0a7c7a1c2c000000000000000000000000000000000000000000
1559151230 - RETARGET get_target height 70560 - last_block 70559 - block 70560/time 1558768830
1559151230 - Block_from_2016_ago - block 68544/time 1558657840
1559151230 - elapsed_time_from_2016_ago 110865 s 1.2831597222222222 days
1559151230 - lt half week
1559151230 - start_index 70559
1559151230 - start_index2 70559, target 00000000339c04e65a4b6a000000000000000000000000000000000000000000
1559151230 -                 new_target 000000000ce701399692da800000000000000000000000000000000000000000
1559151244 - RETARGET get_target height 72576 - last_block 72575 - block 72576/time 1558855917
1559151244 - Block_from_2016_ago - block 70560/time 1558768830
1559151244 - elapsed_time_from_2016_ago 87055 s 1.0075810185185186 days
1559151244 - lt half week
1559151244 - start_index 72575
1559151244 - start_index2 72575, target 00000000384119d21fdc72000000000000000000000000000000000000000000
1559151244 -                 new_target 000000000e10467487f71c800000000000000000000000000000000000000000
1559151258 - RETARGET get_target height 74592 - last_block 74591 - block 74592/time 1558940653
1559151258 - Block_from_2016_ago - block 72576/time 1558855917
1559151258 - elapsed_time_from_2016_ago 84648 s 0.9797222222222223 days
1559151258 - lt half week
1559151258 - start_index 74591
1559151258 - start_index2 74591, target 000000003e4137e1b60870000000000000000000000000000000000000000000
1559151258 -                 new_target 000000000f904df86d821c000000000000000000000000000000000000000000
1559151274 - RETARGET get_target height 76608 - last_block 76607 - block 76608/time 1559099068
1559151274 - Block_from_2016_ago - block 74592/time 1558940653
1559151274 - elapsed_time_from_2016_ago 158339 s 1.832627314814815 days
1559151274 - lt half week
1559151274 - start_index 76607
1559151274 - start_index2 76607, target 0000000042b762b6949270000000000000000000000000000000000000000000
1559151274 -                 new_target 0000000010add8ada5249c000000000000000000000000000000000000000000
1559383282 - RETARGET get_target height 78624 - last_block 78623 - block 78624/time 1559189372
1559383282 - Block_from_2016_ago - block 76608/time 1559099068
1559383282 - elapsed_time_from_2016_ago 90170 s 1.0436342592592593 days
1559383282 - lt half week
1559383282 - start_index 78623
1559383282 - start_index2 78623, target 0000000048d4fef6400ec8000000000000000000000000000000000000000000
1559383282 - new_target 0000000012353fbd9003b2000000000000000000000000000000000000000000
1559383304 - RETARGET get_target height 80640 - last_block 80639 - block 80640/time 1559279754
1559383304 - Block_from_2016_ago - block 78624/time 1559189372
1559383304 - elapsed_time_from_2016_ago 90225 s 1.0442708333333333 days
1559383304 - lt half week
1559383304 - start_index 80639
1559383304 - start_index2 80639, target 000000004c1c0550b10534000000000000000000000000000000000000000000
1559383304 - new_target 00000000130701542c414d000000000000000000000000000000000000000000
1559383383 - RETARGET get_target height 80640 - last_block 80639 - block 80640/time 1559279754
1559383383 - Block_from_2016_ago - block 78624/time 1559189372
1559383383 - elapsed_time_from_2016_ago 90225 s 1.0442708333333333 days
1559383383 - lt half week
1559383383 - start_index 80639
1559383383 - start_index2 80639, target 000000004c1c0550b10534000000000000000000000000000000000000000000
1559383383 - new_target 00000000130701542c414d000000000000000000000000000000000000000000
